<?xml version="1.0" encoding="UTF-8"?>
<!-- Generated by org.testng.reporters.JUnitReportReporter -->
<testsuite hostname="DS-LAP-0238" failures="0" tests="1" name="testCases.TC_001_AccountRegistrationTest" time="1.370" errors="0" timestamp="2023-11-22T16:51:29 IST" skipped="0">
  <testcase classname="testCases.TC_001_AccountRegistrationTest" name="test_account_Registration" time="1.370"/>
  <system-out/>
</testsuite> <!-- testCases.TC_001_AccountRegistrationTest -->
