<?xml version="1.0" encoding="UTF-8"?>
<!-- Generated by org.testng.reporters.JUnitReportReporter -->
<testsuite hostname="DS-LAP-0238" failures="0" tests="1" name="testCases.TC_001_AccountRegistrationTest" time="1.399" errors="0" timestamp="2023-11-22T18:27:48 IST" skipped="0">
  <testcase classname="testCases.TC_001_AccountRegistrationTest" name="test_account_Registration" time="1.399"/>
</testsuite> <!-- testCases.TC_001_AccountRegistrationTest -->
